Process running on:  iscpc88.epfl.ch
Time is:             Mon Aug 5 17:38:42 CEST 2024
Start Time is:             Mon Aug 5 17:38:42 CEST 2024
[2024-08-05 17:38:49,701][HYDRA] Launching 18 jobs locally
[2024-08-05 17:38:49,701][HYDRA] 	#0 : use_wandb=False algorithm=gbs seed=2 target=gaussian_mixture10 target.dim=10
2024-08-05 17:38:57.704039: W tensorflow/compiler/tf2tensorrt/utils/py_utils.cc:38] TF-TRT Warning: Could not find TensorRT
[2024-08-05 17:39:07,271][jax._src.xla_bridge][INFO] - Unable to initialize backend 'rocm': module 'jaxlib.xla_extension' has no attribute 'GpuAllocatorConfig'
[2024-08-05 17:39:07,292][jax._src.xla_bridge][INFO] - Unable to initialize backend 'tpu': INTERNAL: Failed to open libtpu.so: libtpu.so: cannot open shared object file: No such file or directory
2024-08-05 17:39:08.087792: W external/xla/xla/service/gpu/nvptx_compiler.cc:836] The NVIDIA driver's CUDA version is 12.5 which is older than the PTX compiler version (12.6.20). Because the driver is older than the PTX compiler version, XLA is disabling parallel compilation, which may slow down compilation. You should update your NVIDIA driver or use the NVIDIA-provided CUDA forward compatibility packages.
Step 0: ELBO -69.13829803466797; Δ lnZ -4.098158359527588; reverse_ESS 0.0005881276447325945
Step 100: ELBO -1.5807459354400635; Δ lnZ -0.08767318725585938; reverse_ESS 0.1101003885269165
Step 200: ELBO -1.5064749717712402; Δ lnZ -0.03509712219238281; reverse_ESS 0.05544544756412506
Step 300: ELBO -1.5644183158874512; Δ lnZ -0.2555732727050781; reverse_ESS 0.09112336486577988
Step 400: ELBO -1.6284503936767578; Δ lnZ -0.21663331985473633; reverse_ESS 0.06818447262048721
Step 500: ELBO -1.6383870840072632; Δ lnZ -0.17062616348266602; reverse_ESS 0.1258055865764618
Step 600: ELBO -1.6528279781341553; Δ lnZ -0.18561553955078125; reverse_ESS 0.08175985515117645
Step 700: ELBO -1.5464403629302979; Δ lnZ -0.20524024963378906; reverse_ESS 0.05379140377044678
Step 800: ELBO -1.5231176614761353; Δ lnZ -0.008072853088378906; reverse_ESS 0.0168754979968071
Step 900: ELBO -1.4467068910598755; Δ lnZ 0.2775144577026367; reverse_ESS 0.00478846812620759
Step 1000: ELBO -1.4429800510406494; Δ lnZ -0.13942527770996094; reverse_ESS 0.09103996306657791
Step 1100: ELBO -1.3463767766952515; Δ lnZ -0.1562666893005371; reverse_ESS 0.1532028168439865
Step 1200: ELBO -1.3664625883102417; Δ lnZ -0.2055201530456543; reverse_ESS 0.1449749916791916
Step 1300: ELBO -1.3140722513198853; Δ lnZ -0.08686447143554688; reverse_ESS 0.10610906779766083
Step 1400: ELBO -1.3142659664154053; Δ lnZ -0.13985252380371094; reverse_ESS 0.15107131004333496
Step 1500: ELBO -1.241187334060669; Δ lnZ -0.050421714782714844; reverse_ESS 0.09205852448940277
Step 1600: ELBO -1.2688525915145874; Δ lnZ -0.0630636215209961; reverse_ESS 0.0961519256234169
Step 1700: ELBO -1.2302266359329224; Δ lnZ -0.031235218048095703; reverse_ESS 0.10576452314853668
Step 1800: ELBO -1.1765247583389282; Δ lnZ 0.01875782012939453; reverse_ESS 0.037083420902490616
Step 1900: ELBO -1.2110854387283325; Δ lnZ -0.004368305206298828; reverse_ESS 0.10455889999866486
Step 2000: ELBO -1.1845839023590088; Δ lnZ -0.03593015670776367; reverse_ESS 0.10440963506698608
Step 2100: ELBO -1.1567156314849854; Δ lnZ 0.0032024383544921875; reverse_ESS 0.026425883173942566
Step 2200: ELBO -1.1426177024841309; Δ lnZ 0.46795082092285156; reverse_ESS 0.0028170538134872913
Step 2300: ELBO -1.115442156791687; Δ lnZ -0.05565834045410156; reverse_ESS 0.1637638509273529
Step 2400: ELBO -1.118485450744629; Δ lnZ -0.006420135498046875; reverse_ESS 0.12228646874427795
Step 2500: ELBO -1.143323540687561; Δ lnZ 0.3429293632507324; reverse_ESS 0.00454486720263958
Step 2600: ELBO -1.1073976755142212; Δ lnZ -0.01575326919555664; reverse_ESS 0.13081295788288116
Step 2700: ELBO -1.0726698637008667; Δ lnZ -0.03221607208251953; reverse_ESS 0.08363596349954605
Step 2800: ELBO -1.1178394556045532; Δ lnZ 0.06545257568359375; reverse_ESS 0.04742918908596039
Step 2900: ELBO -1.1399792432785034; Δ lnZ -0.11311817169189453; reverse_ESS 0.11932960897684097
Step 3000: ELBO -1.0317662954330444; Δ lnZ 0.052351951599121094; reverse_ESS 0.0983896255493164
Step 3100: ELBO -1.1091521978378296; Δ lnZ -0.04634857177734375; reverse_ESS 0.038438208401203156
Step 3200: ELBO -1.0633312463760376; Δ lnZ -0.08249664306640625; reverse_ESS 0.199161559343338
Step 3300: ELBO -1.045712947845459; Δ lnZ 0.0014023780822753906; reverse_ESS 0.10325901955366135
Step 3400: ELBO -1.0424832105636597; Δ lnZ -0.07947540283203125; reverse_ESS 0.14776720106601715
Step 3500: ELBO -1.06724214553833; Δ lnZ -0.028978824615478516; reverse_ESS 0.1690974235534668
Step 3600: ELBO -1.0165014266967773; Δ lnZ -0.03902435302734375; reverse_ESS 0.19195720553398132
Step 3700: ELBO -1.0383652448654175; Δ lnZ -0.04569101333618164; reverse_ESS 0.1639171987771988
Step 3800: ELBO -1.0613740682601929; Δ lnZ -0.04343128204345703; reverse_ESS 0.1575760841369629
Step 3900: ELBO -1.0664451122283936; Δ lnZ -0.12504959106445312; reverse_ESS 0.20786483585834503
Step 4000: ELBO -0.9959822297096252; Δ lnZ 0.012133121490478516; reverse_ESS 0.17694227397441864
Step 4100: ELBO -1.0461690425872803; Δ lnZ 0.03993511199951172; reverse_ESS 0.08280888199806213
Step 4200: ELBO -1.0644218921661377; Δ lnZ -0.036891937255859375; reverse_ESS 0.114923395216465
Step 4300: ELBO -1.0206619501113892; Δ lnZ 0.08760356903076172; reverse_ESS 0.042222559452056885
Step 4400: ELBO -0.9944825768470764; Δ lnZ -0.005795001983642578; reverse_ESS 0.176422581076622
Step 4500: ELBO -1.0310271978378296; Δ lnZ 0.017790794372558594; reverse_ESS 0.08285403996706009
Step 4600: ELBO -1.012435793876648; Δ lnZ -0.02968454360961914; reverse_ESS 0.17551985383033752
Step 4700: ELBO -1.0005720853805542; Δ lnZ -0.061926841735839844; reverse_ESS 0.17403574287891388
Step 4800: ELBO -0.9861248135566711; Δ lnZ 0.016607284545898438; reverse_ESS 0.14057014882564545
Step 4900: ELBO -1.0084607601165771; Δ lnZ -0.0478825569152832; reverse_ESS 0.16583697497844696
Step 5000: ELBO -0.9094730615615845; Δ lnZ 0.11280632019042969; reverse_ESS 0.12822644412517548
Step 5100: ELBO -0.9519720673561096; Δ lnZ -0.018604278564453125; reverse_ESS 0.15692417323589325
Step 5200: ELBO -0.9547227025032043; Δ lnZ -0.00533294677734375; reverse_ESS 0.1610519289970398
Step 5300: ELBO -1.0698928833007812; Δ lnZ -0.12578678131103516; reverse_ESS 0.08674038201570511
Step 5400: ELBO -0.9769756197929382; Δ lnZ -0.053235530853271484; reverse_ESS 0.20204947888851166
Step 5500: ELBO -1.0100030899047852; Δ lnZ 0.0779104232788086; reverse_ESS 0.018722940236330032
Step 5600: ELBO -0.9666914343833923; Δ lnZ 0.03232765197753906; reverse_ESS 0.03786902129650116
Step 5700: ELBO -0.9787272810935974; Δ lnZ -0.03571939468383789; reverse_ESS 0.17770004272460938
Step 5800: ELBO -0.9731305241584778; Δ lnZ -0.09001827239990234; reverse_ESS 0.23378856480121613
Step 5900: ELBO -0.9878723621368408; Δ lnZ 0.0001983642578125; reverse_ESS 0.0798504576086998
Step 6000: ELBO -0.9460797309875488; Δ lnZ 0.09575939178466797; reverse_ESS 0.033397872000932693
Step 6100: ELBO -0.9406746625900269; Δ lnZ -0.11585569381713867; reverse_ESS 0.27960219979286194
Step 6200: ELBO -0.9932025671005249; Δ lnZ -0.058379173278808594; reverse_ESS 0.13618429005146027
Step 6300: ELBO -0.9265587329864502; Δ lnZ -0.06841278076171875; reverse_ESS 0.1739281862974167
Step 6400: ELBO -1.0226455926895142; Δ lnZ -0.09475040435791016; reverse_ESS 0.16381971538066864
Step 6500: ELBO -0.9028398990631104; Δ lnZ 0.023321151733398438; reverse_ESS 0.08585845679044724
Step 6600: ELBO -0.9629223942756653; Δ lnZ 0.02015972137451172; reverse_ESS 0.12971022725105286
Step 6700: ELBO -0.9226788878440857; Δ lnZ -0.05660724639892578; reverse_ESS 0.21645419299602509
Step 6800: ELBO -0.8945540189743042; Δ lnZ 0.1340169906616211; reverse_ESS 0.07937793433666229
Step 6900: ELBO -0.9466931819915771; Δ lnZ -0.05586051940917969; reverse_ESS 0.13639485836029053
Step 7000: ELBO -0.966663122177124; Δ lnZ -0.0629429817199707; reverse_ESS 0.1564876288175583
Step 7100: ELBO -0.9136514067649841; Δ lnZ -0.04318046569824219; reverse_ESS 0.24849946796894073
Step 7200: ELBO -0.9067673683166504; Δ lnZ -0.020627498626708984; reverse_ESS 0.20267952978610992
Step 7300: ELBO -0.9066603183746338; Δ lnZ -0.024553298950195312; reverse_ESS 0.21964122354984283
Step 7400: ELBO -0.9333983063697815; Δ lnZ -0.05006980895996094; reverse_ESS 0.1588311642408371
Step 7500: ELBO -0.9550420045852661; Δ lnZ -0.018735885620117188; reverse_ESS 0.11269326508045197
Step 7600: ELBO -0.8870461583137512; Δ lnZ -0.0022683143615722656; reverse_ESS 0.18423429131507874
Step 7700: ELBO -0.9103926420211792; Δ lnZ -0.02026510238647461; reverse_ESS 0.15093930065631866
Step 7800: ELBO -0.9119147062301636; Δ lnZ -0.04125690460205078; reverse_ESS 0.17538470029830933
Step 7900: ELBO -0.9079527854919434; Δ lnZ 0.03871774673461914; reverse_ESS 0.08650550246238708
Step 8000: ELBO -0.9193578958511353; Δ lnZ 0.022126197814941406; reverse_ESS 0.1519821584224701
Step 8100: ELBO -0.8967903256416321; Δ lnZ -0.04161787033081055; reverse_ESS 0.23662665486335754
Step 8200: ELBO -0.8947171568870544; Δ lnZ -0.039788246154785156; reverse_ESS 0.1941559761762619
Step 8300: ELBO -0.841435432434082; Δ lnZ 0.17250680923461914; reverse_ESS 0.024117551743984222
Step 8400: ELBO -0.8693915009498596; Δ lnZ 0.14261436462402344; reverse_ESS 0.0571088045835495
Step 8500: ELBO -0.9379015564918518; Δ lnZ -0.12206840515136719; reverse_ESS 0.2475135326385498
Step 8600: ELBO -0.9435549974441528; Δ lnZ -0.07125473022460938; reverse_ESS 0.1664280891418457
Step 8700: ELBO -0.8472477197647095; Δ lnZ 0.004821300506591797; reverse_ESS 0.2307886928319931
Step 8800: ELBO -0.8906274437904358; Δ lnZ 0.017620086669921875; reverse_ESS 0.07806111872196198
Step 8900: ELBO -0.9367986917495728; Δ lnZ -0.12622404098510742; reverse_ESS 0.1519515961408615
Step 9000: ELBO -0.9311758875846863; Δ lnZ 0.05977439880371094; reverse_ESS 0.05754244700074196
Step 9100: ELBO -0.9410054087638855; Δ lnZ 0.14661884307861328; reverse_ESS 0.023017531260848045
Step 9200: ELBO -0.854964017868042; Δ lnZ -0.016268253326416016; reverse_ESS 0.23018912971019745
Step 9300: ELBO -0.8731269836425781; Δ lnZ -0.028313636779785156; reverse_ESS 0.2352025806903839
Step 9400: ELBO -0.8202815651893616; Δ lnZ 0.12458610534667969; reverse_ESS 0.15389829874038696
Step 9500: ELBO -0.8392438888549805; Δ lnZ 0.02411174774169922; reverse_ESS 0.17087294161319733
Step 9600: ELBO -0.8830991387367249; Δ lnZ 0.02065563201904297; reverse_ESS 0.16960833966732025
Step 9700: ELBO -0.9032188057899475; Δ lnZ -0.07629966735839844; reverse_ESS 0.26368117332458496
Step 9800: ELBO -0.9253374338150024; Δ lnZ -0.051943302154541016; reverse_ESS 0.18124936521053314
Step 9900: ELBO -0.8515907526016235; Δ lnZ 0.10761547088623047; reverse_ESS 0.06750670075416565
Step 9999: ELBO -0.8411686420440674; Δ lnZ 0.03404378890991211; reverse_ESS 0.17039430141448975
[2024-08-05 18:10:56,036][HYDRA] 	#1 : use_wandb=False algorithm=gbs seed=2 target=gaussian_mixture10 target.dim=100
Step 0: ELBO -1028.5401611328125; Δ lnZ -587.3020629882812; reverse_ESS 0.0005000000237487257
Step 100: ELBO -16.17671775817871; Δ lnZ -3.6333999633789062; reverse_ESS 0.0006272325990721583
Step 200: ELBO -17.642751693725586; Δ lnZ -5.050238609313965; reverse_ESS 0.0022801433224231005
Step 300: ELBO -22.237165451049805; Δ lnZ -6.477274417877197; reverse_ESS 0.001105510862544179
Step 400: ELBO -30.34122085571289; Δ lnZ -11.532347679138184; reverse_ESS 0.0022418133448809385
Step 500: ELBO -32.28404998779297; Δ lnZ -11.209692001342773; reverse_ESS 0.0017988348845392466
Step 600: ELBO -30.164348602294922; Δ lnZ -8.297599792480469; reverse_ESS 0.0005268054665066302
Step 700: ELBO -30.674903869628906; Δ lnZ -9.029922485351562; reverse_ESS 0.0007434751023538411
Step 800: ELBO -31.879056930541992; Δ lnZ -11.945592880249023; reverse_ESS 0.0031939102336764336
Step 900: ELBO -30.471040725708008; Δ lnZ -7.819433689117432; reverse_ESS 0.0012269142316654325
Step 1000: ELBO -31.079744338989258; Δ lnZ -9.884956359863281; reverse_ESS 0.0015268974239006639
Step 1100: ELBO -31.50543212890625; Δ lnZ -9.470897674560547; reverse_ESS 0.001884268131107092
Step 1200: ELBO -30.60335350036621; Δ lnZ -11.020938873291016; reverse_ESS 0.00346919777803123
Step 1300: ELBO -31.829275131225586; Δ lnZ -7.836721897125244; reverse_ESS 0.0007555624470114708
Step 1400: ELBO -30.17620849609375; Δ lnZ -6.5740838050842285; reverse_ESS 0.0010543373646214604
Step 1500: ELBO -30.80316925048828; Δ lnZ -9.461557388305664; reverse_ESS 0.0028021589387208223
Step 1600: ELBO -30.53329086303711; Δ lnZ -7.407312870025635; reverse_ESS 0.0005929345497861505
Step 1700: ELBO -31.503366470336914; Δ lnZ -7.060882568359375; reverse_ESS 0.0007022909703664482
Step 1800: ELBO -31.219013214111328; Δ lnZ -6.7317914962768555; reverse_ESS 0.0007635587826371193
Step 1900: ELBO -31.393930435180664; Δ lnZ -9.35753059387207; reverse_ESS 0.002568878699094057
Step 2000: ELBO -30.659942626953125; Δ lnZ -9.162893295288086; reverse_ESS 0.0012823292054235935
Step 2100: ELBO -29.947044372558594; Δ lnZ -5.359688758850098; reverse_ESS 0.0006451655644923449
Step 2200: ELBO -30.954833984375; Δ lnZ -2.442296028137207; reverse_ESS 0.0006526025827042758
Step 2300: ELBO -30.797800064086914; Δ lnZ -8.69028091430664; reverse_ESS 0.0015854238299652934
Step 2400: ELBO -32.40451431274414; Δ lnZ -7.0747761726379395; reverse_ESS 0.0010053368750959635
Step 2500: ELBO -34.452640533447266; Δ lnZ -9.938573837280273; reverse_ESS 0.0009710204903967679
Step 2600: ELBO -31.12580680847168; Δ lnZ -3.784536361694336; reverse_ESS 0.0005086449673399329
Step 2700: ELBO -30.283552169799805; Δ lnZ -7.117550373077393; reverse_ESS 0.0006902074674144387
Step 2800: ELBO -30.813125610351562; Δ lnZ -7.594533443450928; reverse_ESS 0.001982552232220769
Step 2900: ELBO -31.13503646850586; Δ lnZ -7.312655925750732; reverse_ESS 0.000741802214179188
Step 3000: ELBO -31.12254524230957; Δ lnZ -7.934062480926514; reverse_ESS 0.0005947391036897898
Step 3100: ELBO -31.58076286315918; Δ lnZ -6.618025302886963; reverse_ESS 0.000586356851272285
Step 3200: ELBO -31.086347579956055; Δ lnZ -4.027863502502441; reverse_ESS 0.000651191920042038
Step 3300: ELBO -31.05853271484375; Δ lnZ -4.82764196395874; reverse_ESS 0.0008543154690414667
Step 3400: ELBO -31.002756118774414; Δ lnZ -8.860376358032227; reverse_ESS 0.0017003010725602508
Step 3500: ELBO -31.78459930419922; Δ lnZ -8.22604751586914; reverse_ESS 0.0005800908547826111
Step 3600: ELBO -31.567232131958008; Δ lnZ -7.744139194488525; reverse_ESS 0.0015263481764122844
Step 3700: ELBO -31.580909729003906; Δ lnZ -8.747807502746582; reverse_ESS 0.0009050346561707556
Step 3800: ELBO -31.710447311401367; Δ lnZ -7.95947790145874; reverse_ESS 0.0016497067408636212
Step 3900: ELBO -32.51856231689453; Δ lnZ -5.447595596313477; reverse_ESS 0.0005808985442854464
Step 4000: ELBO -31.326242446899414; Δ lnZ -7.9879560470581055; reverse_ESS 0.0018905422184616327
Step 4100: ELBO -31.689491271972656; Δ lnZ -4.8471198081970215; reverse_ESS 0.0005243243067525327
Step 4200: ELBO -31.472719192504883; Δ lnZ -3.4126667976379395; reverse_ESS 0.0009853962110355496
Step 4300: ELBO -32.4477653503418; Δ lnZ -8.739911079406738; reverse_ESS 0.0007366628269664943
Step 4400: ELBO -32.0709228515625; Δ lnZ -10.696403503417969; reverse_ESS 0.0009070975356735289
Step 4500: ELBO -31.96579933166504; Δ lnZ -5.887672424316406; reverse_ESS 0.0012661858927458525
Step 4600: ELBO -31.80255699157715; Δ lnZ -6.727554798126221; reverse_ESS 0.0006346667069010437
Step 4700: ELBO -31.978572845458984; Δ lnZ -7.222388744354248; reverse_ESS 0.0009517351281829178
Step 4800: ELBO -31.577333450317383; Δ lnZ -10.066213607788086; reverse_ESS 0.004674348048865795
Step 4900: ELBO -32.220489501953125; Δ lnZ -2.803312301635742; reverse_ESS 0.0008617503335699439
Step 5000: ELBO -31.49618911743164; Δ lnZ -8.989290237426758; reverse_ESS 0.0017219498986378312
Step 5100: ELBO -32.7026252746582; Δ lnZ -6.184011936187744; reverse_ESS 0.0005969852209091187
Step 5200: ELBO -31.95877456665039; Δ lnZ -8.660192489624023; reverse_ESS 0.0007308086496777833
Step 5300: ELBO -31.539669036865234; Δ lnZ -4.112347602844238; reverse_ESS 0.0005699080065824091
Step 5400: ELBO -32.397335052490234; Δ lnZ -2.482980728149414; reverse_ESS 0.0005031999899074435
Step 5500: ELBO -32.120361328125; Δ lnZ -6.741436004638672; reverse_ESS 0.0017441710224375129
Step 5600: ELBO -31.566139221191406; Δ lnZ -9.438456535339355; reverse_ESS 0.002749593462795019
Step 5700: ELBO -33.18767547607422; Δ lnZ -10.615482330322266; reverse_ESS 0.0017407002160325646
Step 5800: ELBO -32.164737701416016; Δ lnZ -4.759012222290039; reverse_ESS 0.0008290807018056512
Step 5900: ELBO -31.768482208251953; Δ lnZ -7.959805011749268; reverse_ESS 0.0015725874109193683
Step 6000: ELBO -32.445396423339844; Δ lnZ -6.067234039306641; reverse_ESS 0.0006309772725217044
Step 6100: ELBO -31.447078704833984; Δ lnZ -8.166936874389648; reverse_ESS 0.0012609421974048018
Step 6200: ELBO -32.65858840942383; Δ lnZ -7.513804912567139; reverse_ESS 0.0013807221548631787
Step 6300: ELBO -31.805126190185547; Δ lnZ -5.072218418121338; reverse_ESS 0.000721156713552773
Step 6400: ELBO -32.8945198059082; Δ lnZ -8.837421417236328; reverse_ESS 0.0011547149624675512
Step 6500: ELBO -31.802215576171875; Δ lnZ -7.635481834411621; reverse_ESS 0.0014405399560928345
Step 6600: ELBO -32.524269104003906; Δ lnZ -6.408039569854736; reverse_ESS 0.0005097542307339609
Step 6700: ELBO -32.747798919677734; Δ lnZ -9.282201766967773; reverse_ESS 0.00120396981947124
Step 6800: ELBO -31.7567195892334; Δ lnZ -4.373269081115723; reverse_ESS 0.0010963472304865718
Step 6900: ELBO -33.038883209228516; Δ lnZ -8.935518264770508; reverse_ESS 0.0014037593500688672
Step 7000: ELBO -32.02851867675781; Δ lnZ -10.276603698730469; reverse_ESS 0.002405506558716297
Step 7100: ELBO -32.136234283447266; Δ lnZ -3.4515442848205566; reverse_ESS 0.0005175716360099614
Step 7200: ELBO -32.186241149902344; Δ lnZ -4.312107086181641; reverse_ESS 0.0005194140831008554
Step 7300: ELBO -32.473915100097656; Δ lnZ -7.724066257476807; reverse_ESS 0.0014143192674964666
Step 7400: ELBO -32.387664794921875; Δ lnZ -7.598082065582275; reverse_ESS 0.0011799881467595696
Step 7500: ELBO -32.54462432861328; Δ lnZ -8.916346549987793; reverse_ESS 0.001480088452808559
Step 7600: ELBO -32.882057189941406; Δ lnZ -5.405119895935059; reverse_ESS 0.0007102742092683911
Step 7700: ELBO -32.774200439453125; Δ lnZ -5.153866767883301; reverse_ESS 0.0005413619219325483
Step 7800: ELBO -32.85262680053711; Δ lnZ -9.364618301391602; reverse_ESS 0.0010850410908460617
Step 7900: ELBO -32.883949279785156; Δ lnZ -8.596442222595215; reverse_ESS 0.0005995114333927631
Step 8000: ELBO -32.81364822387695; Δ lnZ -8.570597648620605; reverse_ESS 0.0012615045998245478
Step 8100: ELBO -32.85997772216797; Δ lnZ -8.79328727722168; reverse_ESS 0.0010105230612680316
Step 8200: ELBO -32.60517501831055; Δ lnZ -9.352581024169922; reverse_ESS 0.0015773645136505365
Step 8300: ELBO -32.68184280395508; Δ lnZ -6.386634349822998; reverse_ESS 0.0005537696997635067
Step 8400: ELBO -32.205745697021484; Δ lnZ -7.54074764251709; reverse_ESS 0.0007340529700741172
Step 8500: ELBO -32.49042892456055; Δ lnZ -6.747987747192383; reverse_ESS 0.0005739327170886099
Step 8600: ELBO -32.97937774658203; Δ lnZ -8.528642654418945; reverse_ESS 0.0010089874267578125
Step 8700: ELBO -31.66696548461914; Δ lnZ -3.650599479675293; reverse_ESS 0.000551161530893296
Step 8800: ELBO -32.432979583740234; Δ lnZ -9.862719535827637; reverse_ESS 0.0015833575744181871
Step 8900: ELBO -32.50404739379883; Δ lnZ -8.314864158630371; reverse_ESS 0.001174120930954814
Step 9000: ELBO -32.84804916381836; Δ lnZ -7.463323593139648; reverse_ESS 0.000701666867826134
Step 9100: ELBO -32.38737869262695; Δ lnZ -5.529597282409668; reverse_ESS 0.0008615850820206106
Step 9200: ELBO -32.34601974487305; Δ lnZ -6.950082302093506; reverse_ESS 0.0019464014330878854
Step 9300: ELBO -32.41806411743164; Δ lnZ -4.830037593841553; reverse_ESS 0.0005124544841237366
Step 9400: ELBO -32.94333267211914; Δ lnZ -8.125555038452148; reverse_ESS 0.0015186278615146875
Step 9500: ELBO -32.29167556762695; Δ lnZ -7.303766250610352; reverse_ESS 0.0006380737177096307
Step 9600: ELBO -32.576690673828125; Δ lnZ -6.176220893859863; reverse_ESS 0.001134927268140018
Step 9700: ELBO -33.25870895385742; Δ lnZ -8.42936897277832; reverse_ESS 0.0023275334388017654
Step 9800: ELBO -33.219337463378906; Δ lnZ -9.365270614624023; reverse_ESS 0.0016750623472034931
Step 9900: ELBO -32.5303955078125; Δ lnZ -6.851693630218506; reverse_ESS 0.0006829335470683873
Step 9999: ELBO -32.892250061035156; Δ lnZ -8.741293907165527; reverse_ESS 0.0008009877637960017
[2024-08-05 18:52:03,444][HYDRA] 	#2 : use_wandb=False algorithm=gbs seed=2 target=gaussian_mixture10 target.dim=200
Step 0: ELBO -2190.105712890625; Δ lnZ -1571.481689453125; reverse_ESS 0.0005004745908081532
Step 100: ELBO -30.21372413635254; Δ lnZ -10.445137023925781; reverse_ESS 0.0010714208474382758
Step 200: ELBO -37.114585876464844; Δ lnZ -16.764507293701172; reverse_ESS 0.0014603087911382318
Step 300: ELBO -50.835689544677734; Δ lnZ -22.269142150878906; reverse_ESS 0.0008689230307936668
Step 400: ELBO -63.83477783203125; Δ lnZ -29.466407775878906; reverse_ESS 0.0007508219568990171
Step 500: ELBO -61.12831497192383; Δ lnZ -26.732471466064453; reverse_ESS 0.0006418885895982385
Step 600: ELBO -63.25623321533203; Δ lnZ -24.61187744140625; reverse_ESS 0.0005230795941315591
Step 700: ELBO -58.498023986816406; Δ lnZ -21.39470672607422; reverse_ESS 0.0005300045013427734
Step 800: ELBO -62.43937301635742; Δ lnZ -17.585674285888672; reverse_ESS 0.0005168806528672576
Step 900: ELBO -60.130977630615234; Δ lnZ -19.380905151367188; reverse_ESS 0.0005003016558475792
Step 1000: ELBO -61.90801239013672; Δ lnZ -23.738142013549805; reverse_ESS 0.0018867736216634512
Step 1100: ELBO -60.88933563232422; Δ lnZ -18.788694381713867; reverse_ESS 0.0005011432804167271
Step 1200: ELBO -63.5656852722168; Δ lnZ -22.212690353393555; reverse_ESS 0.0006066596833989024
Step 1300: ELBO -61.67379379272461; Δ lnZ -18.372570037841797; reverse_ESS 0.0005067686433903873
Step 1400: ELBO -63.692752838134766; Δ lnZ -12.886191368103027; reverse_ESS 0.0005004779086448252
Step 1500: ELBO -62.04875564575195; Δ lnZ -23.731704711914062; reverse_ESS 0.0014282426564022899
Step 1600: ELBO -61.91379165649414; Δ lnZ -20.091426849365234; reverse_ESS 0.0005249085952527821
Step 1700: ELBO -65.80034637451172; Δ lnZ -29.092063903808594; reverse_ESS 0.0009685586555860937
Step 1800: ELBO -62.82213592529297; Δ lnZ -13.729745864868164; reverse_ESS 0.0005020787939429283
Step 1900: ELBO -66.02398681640625; Δ lnZ -17.803600311279297; reverse_ESS 0.0005015562637709081
Step 2000: ELBO -64.06636810302734; Δ lnZ -25.332733154296875; reverse_ESS 0.001361117116175592
Step 2100: ELBO -62.91633224487305; Δ lnZ -20.097978591918945; reverse_ESS 0.0005215327255427837
Step 2200: ELBO -63.29935073852539; Δ lnZ -26.404945373535156; reverse_ESS 0.0020093207713216543
Step 2300: ELBO -64.60095977783203; Δ lnZ -27.221538543701172; reverse_ESS 0.001168721355497837
Step 2400: ELBO -63.58208465576172; Δ lnZ -24.756132125854492; reverse_ESS 0.0009205340757034719
Step 2500: ELBO -64.1650390625; Δ lnZ -21.18509864807129; reverse_ESS 0.0007631758344359696
Step 2600: ELBO -62.3073844909668; Δ lnZ -23.71268081665039; reverse_ESS 0.001519162324257195
Step 2700: ELBO -65.47138977050781; Δ lnZ -20.8123779296875; reverse_ESS 0.0009200779022648931
Step 2800: ELBO -62.71261215209961; Δ lnZ -21.914325714111328; reverse_ESS 0.0009698715293779969
Step 2900: ELBO -63.45261764526367; Δ lnZ -20.89246368408203; reverse_ESS 0.0006599328480660915
Step 3000: ELBO -63.37701416015625; Δ lnZ -24.51072120666504; reverse_ESS 0.001073053339496255
Step 3100: ELBO -62.05775451660156; Δ lnZ -25.094430923461914; reverse_ESS 0.0013273301301524043
Step 3200: ELBO -63.840267181396484; Δ lnZ -20.66424560546875; reverse_ESS 0.0005122274742461741
Step 3300: ELBO -64.73648071289062; Δ lnZ -22.799114227294922; reverse_ESS 0.0005472972407005727
Step 3400: ELBO -63.397464752197266; Δ lnZ -24.62587547302246; reverse_ESS 0.0005157481064088643
Step 3500: ELBO -64.8846206665039; Δ lnZ -26.488069534301758; reverse_ESS 0.0013866546796634793
Step 3600: ELBO -64.37919616699219; Δ lnZ -25.439254760742188; reverse_ESS 0.0008259373134933412
Step 3700: ELBO -63.35319900512695; Δ lnZ -23.624717712402344; reverse_ESS 0.0012062817113474011
Step 3800: ELBO -62.53507995605469; Δ lnZ -20.123857498168945; reverse_ESS 0.0005000553210265934
Step 3900: ELBO -63.855289459228516; Δ lnZ -23.159950256347656; reverse_ESS 0.0005268299719318748
Step 4000: ELBO -63.76626205444336; Δ lnZ -25.95137596130371; reverse_ESS 0.0022610111627727747
Step 4100: ELBO -63.414039611816406; Δ lnZ -23.53105926513672; reverse_ESS 0.0010393786942586303
Step 4200: ELBO -64.85215759277344; Δ lnZ -21.635082244873047; reverse_ESS 0.0011360850185155869
Step 4300: ELBO -64.7097396850586; Δ lnZ -17.815914154052734; reverse_ESS 0.0005002602119930089
Step 4400: ELBO -63.970401763916016; Δ lnZ -21.328256607055664; reverse_ESS 0.0008470533648505807
Step 4500: ELBO -63.46153259277344; Δ lnZ -22.27109146118164; reverse_ESS 0.0005488665774464607
Step 4600: ELBO -65.92916870117188; Δ lnZ -25.608898162841797; reverse_ESS 0.002780500566586852
Step 4700: ELBO -63.03329086303711; Δ lnZ -10.76543140411377; reverse_ESS 0.0005000217352062464
Step 4800: ELBO -64.57862091064453; Δ lnZ -24.168399810791016; reverse_ESS 0.0021008432377129793
Step 4900: ELBO -65.17852020263672; Δ lnZ -23.619001388549805; reverse_ESS 0.0005934275104664266
Step 5000: ELBO -63.24976348876953; Δ lnZ -18.31064224243164; reverse_ESS 0.0005239630118012428
Step 5100: ELBO -64.78668975830078; Δ lnZ -19.29395294189453; reverse_ESS 0.0005147358169779181
Step 5200: ELBO -64.0910873413086; Δ lnZ -15.1751070022583; reverse_ESS 0.000500014575663954
Step 5300: ELBO -64.5617446899414; Δ lnZ -20.404327392578125; reverse_ESS 0.0007308783824555576
Step 5400: ELBO -65.29181671142578; Δ lnZ -22.872068405151367; reverse_ESS 0.0007535432232543826
Step 5500: ELBO -63.61301040649414; Δ lnZ -21.59624671936035; reverse_ESS 0.0007378559093922377
Step 5600: ELBO -64.21951293945312; Δ lnZ -17.351882934570312; reverse_ESS 0.0005003321566618979
Step 5700: ELBO -64.78648376464844; Δ lnZ -23.819862365722656; reverse_ESS 0.0009306016145274043
Step 5800: ELBO -64.43109130859375; Δ lnZ -14.466404914855957; reverse_ESS 0.0005004035774618387
Step 5900: ELBO -64.26589965820312; Δ lnZ -15.405539512634277; reverse_ESS 0.0006817772518843412
Step 6000: ELBO -66.17617797851562; Δ lnZ -22.133792877197266; reverse_ESS 0.0010125440312549472
Step 6100: ELBO -64.2740478515625; Δ lnZ -23.661340713500977; reverse_ESS 0.0009147331584244967
Step 6200: ELBO -63.540443420410156; Δ lnZ -20.469236373901367; reverse_ESS 0.0010298247216269374
Step 6300: ELBO -64.07022094726562; Δ lnZ -20.626323699951172; reverse_ESS 0.0005039816605858505
Step 6400: ELBO -64.68305206298828; Δ lnZ -17.524063110351562; reverse_ESS 0.0005979574052616954
Step 6500: ELBO -65.01908111572266; Δ lnZ -19.35201644897461; reverse_ESS 0.0005293256253935397
Step 6600: ELBO -66.01809692382812; Δ lnZ -23.7213191986084; reverse_ESS 0.001286074984818697
Step 6700: ELBO -64.9372787475586; Δ lnZ -19.577531814575195; reverse_ESS 0.0005950444610789418
Step 6800: ELBO -64.10112762451172; Δ lnZ -20.985305786132812; reverse_ESS 0.0007886432576924562
Step 6900: ELBO -64.50237274169922; Δ lnZ -22.07131576538086; reverse_ESS 0.0010578425135463476
Step 7000: ELBO -65.42899322509766; Δ lnZ -25.807287216186523; reverse_ESS 0.002186853438615799
Step 7100: ELBO -65.00658416748047; Δ lnZ -27.557199478149414; reverse_ESS 0.0019330845680087805
Step 7200: ELBO -64.13273620605469; Δ lnZ -23.88309097290039; reverse_ESS 0.0007216552039608359
Step 7300: ELBO -66.687744140625; Δ lnZ -16.49626922607422; reverse_ESS 0.0005001098033972085
Step 7400: ELBO -64.151611328125; Δ lnZ -24.212326049804688; reverse_ESS 0.001550401677377522
Step 7500: ELBO -64.3425064086914; Δ lnZ -18.530902862548828; reverse_ESS 0.0005697928136214614
Step 7600: ELBO -67.4631576538086; Δ lnZ -22.962379455566406; reverse_ESS 0.001043410855345428
Step 7700: ELBO -65.3759765625; Δ lnZ -26.260513305664062; reverse_ESS 0.0016583794495090842
Step 7800: ELBO -64.85120391845703; Δ lnZ -25.956928253173828; reverse_ESS 0.0010360203450545669
Step 7900: ELBO -63.891273498535156; Δ lnZ -21.127853393554688; reverse_ESS 0.0005406468990258873
Step 8000: ELBO -65.0949935913086; Δ lnZ -24.857755661010742; reverse_ESS 0.0011050188913941383
Step 8100: ELBO -64.06803894042969; Δ lnZ -11.714580535888672; reverse_ESS 0.0005000007222406566
Step 8200: ELBO -64.96988677978516; Δ lnZ -22.602243423461914; reverse_ESS 0.0005076512461528182
Step 8300: ELBO -65.4992904663086; Δ lnZ -20.355560302734375; reverse_ESS 0.0005538545665331185
Step 8400: ELBO -65.6790771484375; Δ lnZ -24.564193725585938; reverse_ESS 0.001158657018095255
Step 8500: ELBO -65.49039459228516; Δ lnZ -23.6174259185791; reverse_ESS 0.0008428475703112781
Step 8600: ELBO -63.998924255371094; Δ lnZ -22.70258331298828; reverse_ESS 0.0005217842990532517
Step 8700: ELBO -65.24598693847656; Δ lnZ -20.281007766723633; reverse_ESS 0.0005011396715417504
Step 8800: ELBO -65.75796508789062; Δ lnZ -16.817195892333984; reverse_ESS 0.0008001663372851908
Step 8900: ELBO -64.93214416503906; Δ lnZ -24.41685676574707; reverse_ESS 0.0005117448163218796
Step 9000: ELBO -65.15715026855469; Δ lnZ -25.072072982788086; reverse_ESS 0.0005258204764686525
Step 9100: ELBO -64.59359741210938; Δ lnZ -22.95963478088379; reverse_ESS 0.0008855261839926243
Step 9200: ELBO -65.5351791381836; Δ lnZ -24.93008041381836; reverse_ESS 0.0009222233202308416
Step 9300: ELBO -65.75333404541016; Δ lnZ -21.693580627441406; reverse_ESS 0.0008910745964385569
Step 9400: ELBO -66.12650299072266; Δ lnZ -22.777372360229492; reverse_ESS 0.0006565868388861418
Step 9500: ELBO -66.39789581298828; Δ lnZ -20.295127868652344; reverse_ESS 0.0005017921794205904
Step 9600: ELBO -65.95468139648438; Δ lnZ -19.57992172241211; reverse_ESS 0.0005001374520361423
Step 9700: ELBO -63.980926513671875; Δ lnZ -16.083492279052734; reverse_ESS 0.0005384863470681012
Step 9800: ELBO -66.01976776123047; Δ lnZ -22.572769165039062; reverse_ESS 0.0005029022577218711
Step 9900: ELBO -65.04539489746094; Δ lnZ -23.89857292175293; reverse_ESS 0.000619753438513726
Step 9999: ELBO -64.6808090209961; Δ lnZ -22.418289184570312; reverse_ESS 0.0005221469909884036
[2024-08-05 19:42:27,606][HYDRA] 	#3 : use_wandb=False algorithm=gbs seed=2 target=student_t_mixture target.dim=10
Step 0: ELBO -19.695837020874023; Δ lnZ -6.121824264526367; reverse_ESS 0.001184685155749321
Step 100: ELBO -18.149078369140625; Δ lnZ -4.307867050170898; reverse_ESS 0.0007489210111089051
Step 200: ELBO -18.026620864868164; Δ lnZ -4.491001129150391; reverse_ESS 0.00096797791775316
Step 300: ELBO -17.38813018798828; Δ lnZ -2.5381202697753906; reverse_ESS 0.001579426578246057
Step 400: ELBO -17.62489128112793; Δ lnZ -4.045950889587402; reverse_ESS 0.002152623375877738
Step 500: ELBO -17.017864227294922; Δ lnZ -3.293976306915283; reverse_ESS 0.0019146105041727424
Step 600: ELBO -16.6600399017334; Δ lnZ -3.7714693546295166; reverse_ESS 0.0024494940880686045
Step 700: ELBO -16.669103622436523; Δ lnZ -3.9538590908050537; reverse_ESS 0.003967809956520796
Step 800: ELBO -16.276357650756836; Δ lnZ -1.0390357971191406; reverse_ESS 0.000526923278812319
Step 900: ELBO -15.923335075378418; Δ lnZ -3.1504244804382324; reverse_ESS 0.0009554012212902308
Step 1000: ELBO -15.59467887878418; Δ lnZ -2.9579715728759766; reverse_ESS 0.0008969826740212739
Step 1100: ELBO -15.769014358520508; Δ lnZ -4.892100811004639; reverse_ESS 0.001556433504447341
Step 1200: ELBO -15.640625953674316; Δ lnZ -2.5177087783813477; reverse_ESS 0.0016702909488230944
Step 1300: ELBO -15.109869956970215; Δ lnZ -3.846519947052002; reverse_ESS 0.0016231643967330456
Step 1400: ELBO -15.302491188049316; Δ lnZ -3.067626476287842; reverse_ESS 0.0006955157150514424
Step 1500: ELBO -14.996274948120117; Δ lnZ -2.120208263397217; reverse_ESS 0.0006128055974841118
Step 1600: ELBO -14.82542610168457; Δ lnZ -3.0075926780700684; reverse_ESS 0.0021103499457240105
Step 1700: ELBO -14.82317066192627; Δ lnZ -2.0331926345825195; reverse_ESS 0.0007865719962865114
Step 1800: ELBO -14.407904624938965; Δ lnZ -3.3761186599731445; reverse_ESS 0.0035008322447538376
Step 1900: ELBO -14.42672061920166; Δ lnZ -2.3965306282043457; reverse_ESS 0.002702586818486452
Step 2000: ELBO -14.301973342895508; Δ lnZ -1.4793696403503418; reverse_ESS 0.0014169819187372923
Step 2100: ELBO -14.260117530822754; Δ lnZ -1.1987619400024414; reverse_ESS 0.0007137117790989578
Step 2200: ELBO -13.86290168762207; Δ lnZ -2.379279136657715; reverse_ESS 0.0009983896743506193
Step 2300: ELBO -13.85434627532959; Δ lnZ -2.763514518737793; reverse_ESS 0.0027593548875302076
Step 2400: ELBO -13.669670104980469; Δ lnZ -0.9939432144165039; reverse_ESS 0.0006572996499016881
Step 2500: ELBO -13.682090759277344; Δ lnZ -2.2189741134643555; reverse_ESS 0.001122207148000598
Step 2600: ELBO -13.51111888885498; Δ lnZ -2.8296213150024414; reverse_ESS 0.003076758235692978
Step 2700: ELBO -13.625164985656738; Δ lnZ -1.5253238677978516; reverse_ESS 0.0008602134766988456
Step 2800: ELBO -13.283161163330078; Δ lnZ -2.229248523712158; reverse_ESS 0.0006782424752600491
Step 2900: ELBO -13.316353797912598; Δ lnZ -0.8199553489685059; reverse_ESS 0.000914823089260608
Step 3000: ELBO -13.257437705993652; Δ lnZ -3.5969161987304688; reverse_ESS 0.004134189337491989
Step 3100: ELBO -13.100086212158203; Δ lnZ -1.7927613258361816; reverse_ESS 0.0024383668787777424
Step 3200: ELBO -13.009099960327148; Δ lnZ 1.3472614288330078; reverse_ESS 0.0006031281081959605
Step 3300: ELBO -12.762216567993164; Δ lnZ -0.6320815086364746; reverse_ESS 0.000585712434258312
Step 3400: ELBO -12.815805435180664; Δ lnZ -2.7016730308532715; reverse_ESS 0.0029457262717187405
Step 3500: ELBO -12.917571067810059; Δ lnZ -0.8983306884765625; reverse_ESS 0.0006392260547727346
Step 3600: ELBO -12.85276985168457; Δ lnZ -1.636117935180664; reverse_ESS 0.0014909905148670077
Step 3700: ELBO -12.71666145324707; Δ lnZ -1.4887995719909668; reverse_ESS 0.00065565702971071
Step 3800: ELBO -12.62387466430664; Δ lnZ -0.8785552978515625; reverse_ESS 0.001048048841767013
Step 3900: ELBO -12.639204978942871; Δ lnZ 2.2598180770874023; reverse_ESS 0.0006937138387002051
Step 4000: ELBO -12.349174499511719; Δ lnZ -1.3737993240356445; reverse_ESS 0.000940187310334295
Step 4100: ELBO -12.43941879272461; Δ lnZ -2.136253833770752; reverse_ESS 0.0013561766827479005
Step 4200: ELBO -12.436867713928223; Δ lnZ -0.6337199211120605; reverse_ESS 0.0005577151896432042
Step 4300: ELBO -12.467416763305664; Δ lnZ -1.6624808311462402; reverse_ESS 0.001238269149325788
Step 4400: ELBO -12.387361526489258; Δ lnZ -3.1983847618103027; reverse_ESS 0.0016039363108575344
Step 4500: ELBO -12.291316032409668; Δ lnZ -2.6907896995544434; reverse_ESS 0.0012887452030554414
Step 4600: ELBO -12.131117820739746; Δ lnZ -2.04182767868042; reverse_ESS 0.0011432386236265302
Step 4700: ELBO -12.194902420043945; Δ lnZ -2.5144734382629395; reverse_ESS 0.0024920660071074963
Step 4800: ELBO -12.123281478881836; Δ lnZ -0.6028199195861816; reverse_ESS 0.0005460139946080744
Step 4900: ELBO -12.36745834350586; Δ lnZ -2.7394981384277344; reverse_ESS 0.004902506712824106
Step 5000: ELBO -12.17264175415039; Δ lnZ -1.845046043395996; reverse_ESS 0.0008462945697829127
Step 5100: ELBO -12.019787788391113; Δ lnZ -1.757957935333252; reverse_ESS 0.00381922977976501
Step 5200: ELBO -12.1185302734375; Δ lnZ -1.9110641479492188; reverse_ESS 0.0013733766973018646
Step 5300: ELBO -12.09489631652832; Δ lnZ -3.714249849319458; reverse_ESS 0.005826721899211407
Step 5400: ELBO -11.942621231079102; Δ lnZ -0.6787376403808594; reverse_ESS 0.0008177110576070845
Step 5500: ELBO -11.899033546447754; Δ lnZ -2.316600799560547; reverse_ESS 0.00428870739415288
Step 5600: ELBO -12.136930465698242; Δ lnZ -2.3739137649536133; reverse_ESS 0.0030030023772269487
Step 5700: ELBO -12.038596153259277; Δ lnZ -1.462228775024414; reverse_ESS 0.0014298383612185717
Step 5800: ELBO -12.13223648071289; Δ lnZ -2.5144052505493164; reverse_ESS 0.004080615937709808
Step 5900: ELBO -12.000906944274902; Δ lnZ 0.281033992767334; reverse_ESS 0.0006722590769641101
Step 6000: ELBO -11.765664100646973; Δ lnZ -2.5172009468078613; reverse_ESS 0.007484429515898228
Step 6100: ELBO -11.752336502075195; Δ lnZ -1.570655345916748; reverse_ESS 0.0012856508838012815
Step 6200: ELBO -11.595769882202148; Δ lnZ 0.05550193786621094; reverse_ESS 0.0016654528444632888
Step 6300: ELBO -11.968728065490723; Δ lnZ -4.224474906921387; reverse_ESS 0.008292139507830143
Step 6400: ELBO -12.050559043884277; Δ lnZ -1.5735220909118652; reverse_ESS 0.0016777864657342434
Step 6500: ELBO -11.77195930480957; Δ lnZ -1.805239200592041; reverse_ESS 0.0025206299033015966
Step 6600: ELBO -11.991461753845215; Δ lnZ -0.7261385917663574; reverse_ESS 0.0027777061332017183
Step 6700: ELBO -11.735268592834473; Δ lnZ -2.431760787963867; reverse_ESS 0.0032768433447927237
Step 6800: ELBO -11.714911460876465; Δ lnZ -0.9478344917297363; reverse_ESS 0.001076856511645019
Step 6900: ELBO -11.54712963104248; Δ lnZ -2.2347049713134766; reverse_ESS 0.004068025387823582
Step 7000: ELBO -11.937817573547363; Δ lnZ -1.0033392906188965; reverse_ESS 0.0010876011801883578
Step 7100: ELBO -11.591574668884277; Δ lnZ -1.5423755645751953; reverse_ESS 0.0008272903505712748
Step 7200: ELBO -11.865836143493652; Δ lnZ -3.149759292602539; reverse_ESS 0.001399304368533194
Step 7300: ELBO -11.981379508972168; Δ lnZ -1.87369966506958; reverse_ESS 0.0012530316598713398
Step 7400: ELBO -11.672633171081543; Δ lnZ -0.6662287712097168; reverse_ESS 0.001303426455706358
Step 7500: ELBO -11.763795852661133; Δ lnZ -1.5835871696472168; reverse_ESS 0.0017664323095232248
Step 7600: ELBO -11.489457130432129; Δ lnZ -2.117021083831787; reverse_ESS 0.003677590750157833
Step 7700: ELBO -11.491341590881348; Δ lnZ -0.9168262481689453; reverse_ESS 0.000854550744406879
Step 7800: ELBO -11.718098640441895; Δ lnZ -3.251586437225342; reverse_ESS 0.006240574177354574
Step 7900: ELBO -11.632064819335938; Δ lnZ -1.8525023460388184; reverse_ESS 0.0010824328055605292
Step 8000: ELBO -11.45966625213623; Δ lnZ -2.5187621116638184; reverse_ESS 0.003461821237578988
Step 8100: ELBO -11.591184616088867; Δ lnZ -0.8103723526000977; reverse_ESS 0.0019843962509185076
Step 8200: ELBO -11.669170379638672; Δ lnZ -2.6975769996643066; reverse_ESS 0.0015217363834381104
Step 8300: ELBO -11.651305198669434; Δ lnZ -0.8811502456665039; reverse_ESS 0.0012456998229026794
Step 8400: ELBO -11.638611793518066; Δ lnZ -1.4977693557739258; reverse_ESS 0.0019586803391575813
Step 8500: ELBO -11.477389335632324; Δ lnZ -2.0028762817382812; reverse_ESS 0.0009968619560822845
Step 8600: ELBO -11.526336669921875; Δ lnZ -3.299912929534912; reverse_ESS 0.006646788213402033
Step 8700: ELBO -11.356789588928223; Δ lnZ -0.44876956939697266; reverse_ESS 0.001933006220497191
Step 8800: ELBO -11.30449104309082; Δ lnZ -1.972395896911621; reverse_ESS 0.005420173052698374
Step 8900: ELBO -11.449141502380371; Δ lnZ 0.26279163360595703; reverse_ESS 0.0005325056845322251
Step 9000: ELBO -11.309295654296875; Δ lnZ -3.054476737976074; reverse_ESS 0.003342663636431098
Step 9100: ELBO -11.270267486572266; Δ lnZ -0.5265645980834961; reverse_ESS 0.0007288148626685143
Step 9200: ELBO -11.448820114135742; Δ lnZ -1.8966608047485352; reverse_ESS 0.0011257965816184878
Step 9300: ELBO -11.064844131469727; Δ lnZ -1.872593879699707; reverse_ESS 0.006473868619650602
Step 9400: ELBO -11.150580406188965; Δ lnZ -0.629915714263916; reverse_ESS 0.0019804530311375856
Step 9500: ELBO -11.381471633911133; Δ lnZ -1.557978630065918; reverse_ESS 0.0035012331791222095
Step 9600: ELBO -11.463635444641113; Δ lnZ -1.6289315223693848; reverse_ESS 0.0011670497478917241
Step 9700: ELBO -11.43263053894043; Δ lnZ -1.4281654357910156; reverse_ESS 0.0009300702367909253
Step 9800: ELBO -11.250502586364746; Δ lnZ -1.372243881225586; reverse_ESS 0.001614497392438352
Step 9900: ELBO -11.380098342895508; Δ lnZ -3.041761875152588; reverse_ESS 0.005870620254427195
Step 9999: ELBO -11.2042236328125; Δ lnZ -1.7431249618530273; reverse_ESS 0.0030260481871664524
[2024-08-05 20:13:48,613][HYDRA] 	#4 : use_wandb=False algorithm=gbs seed=2 target=student_t_mixture target.dim=100
Step 0: ELBO -236.29913330078125; Δ lnZ -180.0929718017578; reverse_ESS 0.0005011852481402457
Step 100: ELBO -218.23739624023438; Δ lnZ -164.0156707763672; reverse_ESS 0.0009959390154108405
Step 200: ELBO -218.39581298828125; Δ lnZ -159.9135284423828; reverse_ESS 0.0005080151604488492
Step 300: ELBO -216.1305389404297; Δ lnZ -150.74659729003906; reverse_ESS 0.000502494745887816
Step 400: ELBO -213.76773071289062; Δ lnZ -149.6253204345703; reverse_ESS 0.0005007627187296748
Step 500: ELBO -213.36679077148438; Δ lnZ -151.74856567382812; reverse_ESS 0.0005152974044904113
Step 600: ELBO -213.309326171875; Δ lnZ -160.2773895263672; reverse_ESS 0.0009706629207357764
Step 700: ELBO -213.58900451660156; Δ lnZ -158.40541076660156; reverse_ESS 0.000683098507579416
Step 800: ELBO -212.45472717285156; Δ lnZ -156.66729736328125; reverse_ESS 0.0005169007927179337
Step 900: ELBO -212.3085174560547; Δ lnZ -148.4226837158203; reverse_ESS 0.0005056270165368915
Step 1000: ELBO -211.9259033203125; Δ lnZ -146.7243194580078; reverse_ESS 0.000500006484799087
Step 1100: ELBO -212.07232666015625; Δ lnZ -153.3365478515625; reverse_ESS 0.0006827195757068694
Step 1200: ELBO -211.28697204589844; Δ lnZ -155.23388671875; reverse_ESS 0.0006595876766368747
Step 1300: ELBO -211.64576721191406; Δ lnZ -150.86419677734375; reverse_ESS 0.0005257001612335443
Step 1400: ELBO -212.20884704589844; Δ lnZ -153.38662719726562; reverse_ESS 0.0010050388518720865
Step 1500: ELBO -211.47216796875; Δ lnZ -136.38563537597656; reverse_ESS 0.000500017311424017
Step 1600: ELBO -211.58834838867188; Δ lnZ -153.93292236328125; reverse_ESS 0.0006236370536498725
Step 1700: ELBO -210.84841918945312; Δ lnZ -144.24517822265625; reverse_ESS 0.000532895908690989
Step 1800: ELBO -211.25730895996094; Δ lnZ -141.3394317626953; reverse_ESS 0.0005004527629353106
Step 1900: ELBO -210.73094177246094; Δ lnZ -151.08758544921875; reverse_ESS 0.0008691577240824699
Step 2000: ELBO -211.1133270263672; Δ lnZ -160.26954650878906; reverse_ESS 0.0005026643048040569
Step 2100: ELBO -210.11813354492188; Δ lnZ -147.6068572998047; reverse_ESS 0.0007039371412247419
Step 2200: ELBO -210.7414093017578; Δ lnZ -152.7325897216797; reverse_ESS 0.0015700031071901321
Step 2300: ELBO -211.20066833496094; Δ lnZ -143.68260192871094; reverse_ESS 0.0005000009550713003
Step 2400: ELBO -211.01502990722656; Δ lnZ -145.92843627929688; reverse_ESS 0.0005078723770566285
Step 2500: ELBO -210.30291748046875; Δ lnZ -149.10687255859375; reverse_ESS 0.0007035365561023355
Step 2600: ELBO -210.15719604492188; Δ lnZ -153.43991088867188; reverse_ESS 0.000636393902823329
Step 2700: ELBO -210.06622314453125; Δ lnZ -151.11485290527344; reverse_ESS 0.0005014735506847501
Step 2800: ELBO -210.94729614257812; Δ lnZ -143.00091552734375; reverse_ESS 0.0005000217352062464
Step 2900: ELBO -211.25022888183594; Δ lnZ -132.49859619140625; reverse_ESS 0.0005000002565793693
Step 3000: ELBO -210.0541229248047; Δ lnZ -139.9759979248047; reverse_ESS 0.0005028945161029696
Step 3100: ELBO -210.53712463378906; Δ lnZ -157.7945098876953; reverse_ESS 0.0005411242600530386
Step 3200: ELBO -210.35659790039062; Δ lnZ -136.57484436035156; reverse_ESS 0.0005000066012144089
Step 3300: ELBO -210.4003143310547; Δ lnZ -140.48780822753906; reverse_ESS 0.0005000001401640475
Step 3400: ELBO -210.04713439941406; Δ lnZ -156.2161102294922; reverse_ESS 0.0006320081884041429
Step 3500: ELBO -209.4471435546875; Δ lnZ -148.6715850830078; reverse_ESS 0.0013578077778220177
Step 3600: ELBO -209.58465576171875; Δ lnZ -139.17713928222656; reverse_ESS 0.0005000351811759174
Step 3700: ELBO -210.17210388183594; Δ lnZ -133.6153564453125; reverse_ESS 0.0005000000237487257
Step 3800: ELBO -210.05123901367188; Δ lnZ -157.4332733154297; reverse_ESS 0.0006238703499548137
Step 3900: ELBO -209.88829040527344; Δ lnZ -154.12594604492188; reverse_ESS 0.0005073195206932724
Step 4000: ELBO -209.83694458007812; Δ lnZ -148.88938903808594; reverse_ESS 0.0005844239494763315
Step 4100: ELBO -210.3074493408203; Δ lnZ -148.98399353027344; reverse_ESS 0.0005057734088040888
Step 4200: ELBO -209.8782958984375; Δ lnZ -136.54971313476562; reverse_ESS 0.0005000007222406566
Step 4300: ELBO -210.528564453125; Δ lnZ -151.64886474609375; reverse_ESS 0.0011360258795320988
Step 4400: ELBO -210.10365295410156; Δ lnZ -156.98878479003906; reverse_ESS 0.0010143666295334697
Step 4500: ELBO -210.10275268554688; Δ lnZ -146.01272583007812; reverse_ESS 0.0005159378633834422
Step 4600: ELBO -210.05055236816406; Δ lnZ -150.4986572265625; reverse_ESS 0.0011976499808952212
Step 4700: ELBO -209.6897735595703; Δ lnZ -159.79490661621094; reverse_ESS 0.0006699534715153277
Step 4800: ELBO -210.22413635253906; Δ lnZ -136.7607879638672; reverse_ESS 0.0005000000237487257
Step 4900: ELBO -209.4734649658203; Δ lnZ -145.70880126953125; reverse_ESS 0.0005002833204343915
Step 5000: ELBO -210.02786254882812; Δ lnZ -157.26463317871094; reverse_ESS 0.0005144075839780271
Step 5100: ELBO -210.42282104492188; Δ lnZ -150.95782470703125; reverse_ESS 0.0005016570212319493
Step 5200: ELBO -210.3337860107422; Δ lnZ -145.8562469482422; reverse_ESS 0.0005005170241929591
Step 5300: ELBO -210.18624877929688; Δ lnZ -156.72775268554688; reverse_ESS 0.0016890744445845485
Step 5400: ELBO -210.18894958496094; Δ lnZ -146.62161254882812; reverse_ESS 0.0005541458958759904
Step 5500: ELBO -210.2337188720703; Δ lnZ -144.2264404296875; reverse_ESS 0.000500013236887753
Step 5600: ELBO -210.08868408203125; Δ lnZ -150.96786499023438; reverse_ESS 0.0005002937978133559
Step 5700: ELBO -209.48294067382812; Δ lnZ -138.81932067871094; reverse_ESS 0.0005000031087547541
Step 5800: ELBO -210.46746826171875; Δ lnZ -151.4947052001953; reverse_ESS 0.0007304982864297926
Step 5900: ELBO -210.39389038085938; Δ lnZ -149.1957244873047; reverse_ESS 0.0005001746467314661
Step 6000: ELBO -209.82095336914062; Δ lnZ -147.63284301757812; reverse_ESS 0.0005011145840398967
Step 6100: ELBO -210.7028350830078; Δ lnZ -160.62188720703125; reverse_ESS 0.0008488271851092577
Step 6200: ELBO -210.54806518554688; Δ lnZ -142.54644775390625; reverse_ESS 0.000502981070894748
Step 6300: ELBO -210.25006103515625; Δ lnZ -154.1524200439453; reverse_ESS 0.0005042834091000259
Step 6400: ELBO -210.06863403320312; Δ lnZ -142.4589080810547; reverse_ESS 0.000500241294503212
Step 6500: ELBO -211.02871704101562; Δ lnZ -154.067626953125; reverse_ESS 0.0005502688582055271
Step 6600: ELBO -209.66012573242188; Δ lnZ -152.25416564941406; reverse_ESS 0.0005637594731524587
Step 6700: ELBO -209.84878540039062; Δ lnZ -140.1682586669922; reverse_ESS 0.0005000000237487257
Step 6800: ELBO -210.36737060546875; Δ lnZ -138.28526306152344; reverse_ESS 0.0005000008386559784
Step 6900: ELBO -210.27191162109375; Δ lnZ -147.12405395507812; reverse_ESS 0.0005328698316588998
Step 7000: ELBO -209.5966339111328; Δ lnZ -137.93606567382812; reverse_ESS 0.0005085665616206825
Step 7100: ELBO -209.6104736328125; Δ lnZ -151.82537841796875; reverse_ESS 0.0006024397443979979
Step 7200: ELBO -209.82107543945312; Δ lnZ -145.87405395507812; reverse_ESS 0.0005000098026357591
Step 7300: ELBO -210.6336669921875; Δ lnZ -150.95396423339844; reverse_ESS 0.0009290089947171509
Step 7400: ELBO -210.91453552246094; Δ lnZ -144.5631561279297; reverse_ESS 0.0005006113206036389
Step 7500: ELBO -210.56460571289062; Δ lnZ -157.45018005371094; reverse_ESS 0.0009259416838176548
Step 7600: ELBO -210.46463012695312; Δ lnZ -157.39111328125; reverse_ESS 0.0016871308907866478
Step 7700: ELBO -209.9118194580078; Δ lnZ -156.36944580078125; reverse_ESS 0.00062054384034127
Step 7800: ELBO -210.07400512695312; Δ lnZ -147.3240203857422; reverse_ESS 0.0005046720034442842
Step 7900: ELBO -211.11700439453125; Δ lnZ -148.22825622558594; reverse_ESS 0.000539757136721164
Step 8000: ELBO -211.43212890625; Δ lnZ -140.26992797851562; reverse_ESS 0.0005707148229703307
Step 8100: ELBO -210.3517303466797; Δ lnZ -148.63922119140625; reverse_ESS 0.0005406081327237189
Step 8200: ELBO -209.48544311523438; Δ lnZ -138.87269592285156; reverse_ESS 0.000500001828186214
Step 8300: ELBO -210.38778686523438; Δ lnZ -157.834716796875; reverse_ESS 0.0006406001630239189
Step 8400: ELBO -210.50885009765625; Δ lnZ -140.5961151123047; reverse_ESS 0.0005007996805943549
Step 8500: ELBO -210.2667694091797; Δ lnZ -151.4203338623047; reverse_ESS 0.0008196803973987699
Step 8600: ELBO -209.72642517089844; Δ lnZ -142.9857635498047; reverse_ESS 0.0005000298260711133
Step 8700: ELBO -209.95877075195312; Δ lnZ -150.80149841308594; reverse_ESS 0.0010516203474253416
Step 8800: ELBO -209.5876007080078; Δ lnZ -150.35809326171875; reverse_ESS 0.0005162109155207872
Step 8900: ELBO -209.9755096435547; Δ lnZ -142.80174255371094; reverse_ESS 0.0005528341280296445
Step 9000: ELBO -209.97979736328125; Δ lnZ -156.00621032714844; reverse_ESS 0.000503642251715064
Step 9100: ELBO -210.0265655517578; Δ lnZ -151.49075317382812; reverse_ESS 0.0005220733000896871
Step 9200: ELBO -209.16119384765625; Δ lnZ -149.0276336669922; reverse_ESS 0.0006310725584626198
Step 9300: ELBO -210.41290283203125; Δ lnZ -160.3376922607422; reverse_ESS 0.0012718664947897196
Step 9400: ELBO -209.92572021484375; Δ lnZ -128.83380126953125; reverse_ESS 0.0005000000237487257
Step 9500: ELBO -209.9201202392578; Δ lnZ -149.09262084960938; reverse_ESS 0.0005749769043177366
Step 9600: ELBO -210.01290893554688; Δ lnZ -153.42279052734375; reverse_ESS 0.0005010766326449811
Step 9700: ELBO -210.29713439941406; Δ lnZ -141.9998321533203; reverse_ESS 0.0005000020610168576
Step 9800: ELBO -210.37049865722656; Δ lnZ -154.5225372314453; reverse_ESS 0.0007360154995694757
Step 9900: ELBO -209.91635131835938; Δ lnZ -142.64599609375; reverse_ESS 0.0005002903053537011
Step 9999: ELBO -210.73321533203125; Δ lnZ -153.6523895263672; reverse_ESS 0.0008836124325171113
[2024-08-05 20:55:33,894][HYDRA] 	#5 : use_wandb=False algorithm=gbs seed=2 target=student_t_mixture target.dim=200
Step 0: ELBO -487.9220886230469; Δ lnZ -398.9027099609375; reverse_ESS 0.0005000862292945385
Step 100: ELBO -452.3253479003906; Δ lnZ -365.8143615722656; reverse_ESS 0.0005000251694582403
Step 200: ELBO -450.07781982421875; Δ lnZ -346.1700439453125; reverse_ESS 0.0005165445618331432
Step 300: ELBO -444.1100769042969; Δ lnZ -344.5356140136719; reverse_ESS 0.0005000044475309551
Step 400: ELBO -441.5927734375; Δ lnZ -363.76934814453125; reverse_ESS 0.0005228479858487844
Step 500: ELBO -440.4947814941406; Δ lnZ -356.2893981933594; reverse_ESS 0.0008677843143232167
Step 600: ELBO -440.93304443359375; Δ lnZ -335.62969970703125; reverse_ESS 0.0005000000237487257
Step 700: ELBO -440.07110595703125; Δ lnZ -359.0894775390625; reverse_ESS 0.0008160697761923075
Step 800: ELBO -440.1248474121094; Δ lnZ -347.81011962890625; reverse_ESS 0.0005000019446015358
Step 900: ELBO -438.7697448730469; Δ lnZ -328.030029296875; reverse_ESS 0.0005000000237487257
Step 1000: ELBO -439.9427185058594; Δ lnZ -354.3642272949219; reverse_ESS 0.0005006575374864042
Step 1100: ELBO -439.7416076660156; Δ lnZ -359.1822204589844; reverse_ESS 0.0005000820383429527
Step 1200: ELBO -440.25250244140625; Δ lnZ -363.0757751464844; reverse_ESS 0.0006808888865634799
Step 1300: ELBO -439.1885070800781; Δ lnZ -344.44317626953125; reverse_ESS 0.0005068330792710185
Step 1400: ELBO -439.97967529296875; Δ lnZ -342.87451171875; reverse_ESS 0.0005000014789402485
Step 1500: ELBO -439.4685974121094; Δ lnZ -333.32232666015625; reverse_ESS 0.0005000000237487257
Step 1600: ELBO -440.5537109375; Δ lnZ -339.7116394042969; reverse_ESS 0.0005007280269637704
Step 1700: ELBO -439.28533935546875; Δ lnZ -353.0295715332031; reverse_ESS 0.0007777444552630186
Step 1800: ELBO -440.4527893066406; Δ lnZ -360.3716125488281; reverse_ESS 0.0009503911132924259
Step 1900: ELBO -439.0829772949219; Δ lnZ -332.661865234375; reverse_ESS 0.0005000000237487257
Step 2000: ELBO -439.77679443359375; Δ lnZ -354.4305419921875; reverse_ESS 0.0008730752160772681
Step 2100: ELBO -438.47003173828125; Δ lnZ -341.20989990234375; reverse_ESS 0.0005000472301617265
Step 2200: ELBO -438.37677001953125; Δ lnZ -354.39886474609375; reverse_ESS 0.0007113351603038609
Step 2300: ELBO -439.64996337890625; Δ lnZ -346.3577575683594; reverse_ESS 0.0005003261612728238
Step 2400: ELBO -438.8910217285156; Δ lnZ -351.8782958984375; reverse_ESS 0.0005106205935589969
Step 2500: ELBO -439.5519714355469; Δ lnZ -360.1361389160156; reverse_ESS 0.0005207032081671059
Step 2600: ELBO -438.52813720703125; Δ lnZ -345.2923278808594; reverse_ESS 0.0005000123055651784
Step 2700: ELBO -438.49713134765625; Δ lnZ -363.83251953125; reverse_ESS 0.0009804588044062257
Step 2800: ELBO -438.1292724609375; Δ lnZ -357.48590087890625; reverse_ESS 0.0013852693373337388
Step 2900: ELBO -437.62908935546875; Δ lnZ -319.5448303222656; reverse_ESS 0.0005000000237487257
Step 3000: ELBO -437.9039611816406; Δ lnZ -370.8821716308594; reverse_ESS 0.0009538824087940156
Step 3100: ELBO -438.9091796875; Δ lnZ -359.21612548828125; reverse_ESS 0.0010891699930652976
Step 3200: ELBO -437.51556396484375; Δ lnZ -337.28692626953125; reverse_ESS 0.0005000000237487257
Step 3300: ELBO -438.7882080078125; Δ lnZ -349.0325012207031; reverse_ESS 0.0005000274395570159
Step 3400: ELBO -438.9622802734375; Δ lnZ -335.1644287109375; reverse_ESS 0.0005000000237487257
Step 3500: ELBO -437.2454528808594; Δ lnZ -356.1220703125; reverse_ESS 0.0010693323565647006
Step 3600: ELBO -437.3218078613281; Δ lnZ -354.55621337890625; reverse_ESS 0.0005094124935567379
Step 3700: ELBO -437.37969970703125; Δ lnZ -345.6066589355469; reverse_ESS 0.0005028359591960907
Step 3800: ELBO -437.702392578125; Δ lnZ -348.02447509765625; reverse_ESS 0.0005000000237487257
Step 3900: ELBO -436.7792053222656; Δ lnZ -355.48333740234375; reverse_ESS 0.0006080431630834937
Step 4000: ELBO -437.31689453125; Δ lnZ -341.9801940917969; reverse_ESS 0.0005000243545509875
Step 4100: ELBO -436.89971923828125; Δ lnZ -357.6568603515625; reverse_ESS 0.0009757326915860176
Step 4200: ELBO -436.00445556640625; Δ lnZ -348.5837097167969; reverse_ESS 0.0005272083217278123
Step 4300: ELBO -437.6208190917969; Δ lnZ -323.2135314941406; reverse_ESS 0.0005002858815714717
Step 4400: ELBO -436.48321533203125; Δ lnZ -345.0041198730469; reverse_ESS 0.0005058128153905272
Step 4500: ELBO -436.9361877441406; Δ lnZ -351.500244140625; reverse_ESS 0.0005020061507821083
Step 4600: ELBO -436.2320861816406; Δ lnZ -349.1771240234375; reverse_ESS 0.0006960590253584087
Step 4700: ELBO -436.7670593261719; Δ lnZ -346.029052734375; reverse_ESS 0.0005000013625249267
Step 4800: ELBO -436.8138732910156; Δ lnZ -339.00299072265625; reverse_ESS 0.0005000000237487257
Step 4900: ELBO -436.15301513671875; Δ lnZ -346.73419189453125; reverse_ESS 0.0005224775522947311
Step 5000: ELBO -436.3859558105469; Δ lnZ -351.9800720214844; reverse_ESS 0.0005069791222922504
Step 5100: ELBO -436.7535400390625; Δ lnZ -358.76116943359375; reverse_ESS 0.0005207003559917212
Step 5200: ELBO -436.06634521484375; Δ lnZ -342.6745300292969; reverse_ESS 0.0009622429497539997
Step 5300: ELBO -435.7174987792969; Δ lnZ -352.1939392089844; reverse_ESS 0.0005270162364467978
Step 5400: ELBO -435.36761474609375; Δ lnZ -364.4510803222656; reverse_ESS 0.0008488143794238567
Step 5500: ELBO -436.60308837890625; Δ lnZ -330.5108337402344; reverse_ESS 0.0005232192343100905
Step 5600: ELBO -435.79840087890625; Δ lnZ -348.8012390136719; reverse_ESS 0.0011509218020364642
Step 5700: ELBO -435.47174072265625; Δ lnZ -339.61395263671875; reverse_ESS 0.0005000001401640475
Step 5800: ELBO -435.4053955078125; Δ lnZ -348.8040466308594; reverse_ESS 0.001601983211003244
Step 5900: ELBO -435.4046936035156; Δ lnZ -347.18829345703125; reverse_ESS 0.0005136706167832017
Step 6000: ELBO -434.7727966308594; Δ lnZ -331.6624755859375; reverse_ESS 0.0005000000237487257
Step 6100: ELBO -434.26824951171875; Δ lnZ -351.9880676269531; reverse_ESS 0.0005437523359432817
Step 6200: ELBO -436.0926818847656; Δ lnZ -343.1349792480469; reverse_ESS 0.0005000009550713003
Step 6300: ELBO -435.7374572753906; Δ lnZ -345.77294921875; reverse_ESS 0.0005017420626245439
Step 6400: ELBO -435.65069580078125; Δ lnZ -340.9111633300781; reverse_ESS 0.0005000257515348494
Step 6500: ELBO -436.9764099121094; Δ lnZ -358.11572265625; reverse_ESS 0.0005562246078625321
Step 6600: ELBO -436.1920471191406; Δ lnZ -356.72576904296875; reverse_ESS 0.0012948417570441961
Step 6700: ELBO -435.3824462890625; Δ lnZ -349.60687255859375; reverse_ESS 0.0005004729027859867
Step 6800: ELBO -435.8880920410156; Δ lnZ -357.12017822265625; reverse_ESS 0.0008486767183057964
Step 6900: ELBO -435.3256530761719; Δ lnZ -362.14581298828125; reverse_ESS 0.0005741206696256995
Step 7000: ELBO -436.7637939453125; Δ lnZ -355.9791564941406; reverse_ESS 0.0005000107339583337
Step 7100: ELBO -434.546875; Δ lnZ -342.4921569824219; reverse_ESS 0.0005527811590582132
Step 7200: ELBO -436.71051025390625; Δ lnZ -350.32501220703125; reverse_ESS 0.0005000116070732474
Step 7300: ELBO -435.569580078125; Δ lnZ -337.08514404296875; reverse_ESS 0.0005000001401640475
Step 7400: ELBO -435.12957763671875; Δ lnZ -340.7197570800781; reverse_ESS 0.0005188265931792557
Step 7500: ELBO -435.55633544921875; Δ lnZ -357.86029052734375; reverse_ESS 0.0009075946873053908
Step 7600: ELBO -435.1830749511719; Δ lnZ -341.3556213378906; reverse_ESS 0.0005135536193847656
Step 7700: ELBO -436.5096435546875; Δ lnZ -336.635498046875; reverse_ESS 0.0005000000237487257
Step 7800: ELBO -435.8864440917969; Δ lnZ -344.8454895019531; reverse_ESS 0.0005000100354664028
Step 7900: ELBO -435.88720703125; Δ lnZ -348.8223571777344; reverse_ESS 0.0005138039123266935
Step 8000: ELBO -435.8992919921875; Δ lnZ -328.607177734375; reverse_ESS 0.0005000000237487257
Step 8100: ELBO -435.67620849609375; Δ lnZ -330.3158264160156; reverse_ESS 0.0005000297096557915
Step 8200: ELBO -435.8407287597656; Δ lnZ -336.7028503417969; reverse_ESS 0.0005000001401640475
Step 8300: ELBO -435.5149841308594; Δ lnZ -352.7212829589844; reverse_ESS 0.000512554426677525
Step 8400: ELBO -435.7994689941406; Δ lnZ -325.1453857421875; reverse_ESS 0.0005000000237487257
Step 8500: ELBO -435.1824035644531; Δ lnZ -344.7824401855469; reverse_ESS 0.0005011879839003086
Step 8600: ELBO -435.8446350097656; Δ lnZ -343.01806640625; reverse_ESS 0.0005001647514291108
Step 8700: ELBO -436.361572265625; Δ lnZ -342.0205078125; reverse_ESS 0.0005000031087547541
Step 8800: ELBO -435.1279602050781; Δ lnZ -353.3021240234375; reverse_ESS 0.0005304066580720246
Step 8900: ELBO -436.1429748535156; Δ lnZ -345.8504638671875; reverse_ESS 0.0005000120727345347
Step 9000: ELBO -435.62432861328125; Δ lnZ -335.1512756347656; reverse_ESS 0.0005000000237487257
Step 9100: ELBO -435.9456481933594; Δ lnZ -353.1559753417969; reverse_ESS 0.0005017978837713599
Step 9200: ELBO -435.4153747558594; Δ lnZ -352.20806884765625; reverse_ESS 0.0005579785793088377
Step 9300: ELBO -435.852783203125; Δ lnZ -342.112060546875; reverse_ESS 0.0005000017117708921
Step 9400: ELBO -435.7605285644531; Δ lnZ -341.0697326660156; reverse_ESS 0.0005000399542041123
Step 9500: ELBO -435.64794921875; Δ lnZ -351.1925354003906; reverse_ESS 0.000500204972922802
Step 9600: ELBO -435.27667236328125; Δ lnZ -338.3790588378906; reverse_ESS 0.0005000054952688515
Step 9700: ELBO -434.20465087890625; Δ lnZ -347.1463623046875; reverse_ESS 0.0005811012233607471
Step 9800: ELBO -435.929443359375; Δ lnZ -352.4732971191406; reverse_ESS 0.00113448326010257
Step 9900: ELBO -434.1067810058594; Δ lnZ -355.66998291015625; reverse_ESS 0.0005011195316910744
Step 9999: ELBO -433.72283935546875; Δ lnZ -344.0173645019531; reverse_ESS 0.000605634821113199
[2024-08-05 21:46:59,870][HYDRA] 	#6 : use_wandb=False algorithm=gbs seed=3 target=gaussian_mixture10 target.dim=10
Step 0: ELBO -68.76570129394531; Δ lnZ -9.142430305480957; reverse_ESS 0.0019446841906756163
Step 100: ELBO -1.6221343278884888; Δ lnZ -0.19884300231933594; reverse_ESS 0.07687480002641678
Step 200: ELBO -1.5365474224090576; Δ lnZ -0.057009220123291016; reverse_ESS 0.04217269644141197
Step 300: ELBO -1.5143016576766968; Δ lnZ -0.11827373504638672; reverse_ESS 0.07542162388563156
Step 400: ELBO -1.6357948780059814; Δ lnZ -0.1794414520263672; reverse_ESS 0.12236214429140091
Step 500: ELBO -1.7015101909637451; Δ lnZ -0.17853879928588867; reverse_ESS 0.09061063826084137
Step 600: ELBO -1.688435673713684; Δ lnZ -0.2829909324645996; reverse_ESS 0.10219237208366394
Step 700: ELBO -1.6320525407791138; Δ lnZ -0.1823410987854004; reverse_ESS 0.07507535815238953
Step 800: ELBO -1.5644270181655884; Δ lnZ 0.05674171447753906; reverse_ESS 0.03334646672010422
Step 900: ELBO -1.5571401119232178; Δ lnZ -0.1901540756225586; reverse_ESS 0.08043695986270905
Step 1000: ELBO -1.4448565244674683; Δ lnZ -0.08860206604003906; reverse_ESS 0.12561410665512085
Step 1100: ELBO -1.4946329593658447; Δ lnZ 1.2934646606445312; reverse_ESS 0.0008374906028620899
Step 1200: ELBO -1.4156712293624878; Δ lnZ -0.15578126907348633; reverse_ESS 0.08097400516271591
Step 1300: ELBO -1.4156404733657837; Δ lnZ -0.021249771118164062; reverse_ESS 0.021968452259898186
Step 1400: ELBO -1.3970615863800049; Δ lnZ -0.03759002685546875; reverse_ESS 0.05263959616422653
Step 1500: ELBO -1.3244404792785645; Δ lnZ 0.003470897674560547; reverse_ESS 0.01762963831424713
Step 1600: ELBO -1.4016023874282837; Δ lnZ 0.705134391784668; reverse_ESS 0.0017152214422821999
Step 1700: ELBO -1.3161872625350952; Δ lnZ 0.018733978271484375; reverse_ESS 0.05656961724162102
Step 1800: ELBO -1.3461992740631104; Δ lnZ 0.07665205001831055; reverse_ESS 0.014839420095086098
Step 1900: ELBO -1.2793463468551636; Δ lnZ 2.2310714721679688; reverse_ESS 0.0006022765883244574
Step 2000: ELBO -1.2697254419326782; Δ lnZ 0.023619651794433594; reverse_ESS 0.037128012627363205
Step 2100: ELBO -1.2382713556289673; Δ lnZ -0.19223451614379883; reverse_ESS 0.2155105173587799
Step 2200: ELBO -1.2348377704620361; Δ lnZ -0.056670188903808594; reverse_ESS 0.11861734092235565
Step 2300: ELBO -1.2390986680984497; Δ lnZ -0.12406253814697266; reverse_ESS 0.1279151737689972
Step 2400: ELBO -1.2072287797927856; Δ lnZ -0.008634567260742188; reverse_ESS 0.06636925041675568
Step 2500: ELBO -1.1981432437896729; Δ lnZ -0.01990032196044922; reverse_ESS 0.10040029883384705
Step 2600: ELBO -1.218930721282959; Δ lnZ -0.10937881469726562; reverse_ESS 0.16140703856945038
Step 2700: ELBO -1.154342532157898; Δ lnZ -0.044953346252441406; reverse_ESS 0.10118092596530914
Step 2800: ELBO -1.200080156326294; Δ lnZ -0.1542210578918457; reverse_ESS 0.1299775242805481
Step 2900: ELBO -1.1845070123672485; Δ lnZ -0.13840913772583008; reverse_ESS 0.13940809667110443
Step 3000: ELBO -1.1952012777328491; Δ lnZ -0.12599849700927734; reverse_ESS 0.16441676020622253
Step 3100: ELBO -1.1578189134597778; Δ lnZ -0.1214752197265625; reverse_ESS 0.18339620530605316
Step 3200: ELBO -1.1619688272476196; Δ lnZ -0.04935312271118164; reverse_ESS 0.10033419728279114
Step 3300: ELBO -1.1520650386810303; Δ lnZ 0.06809425354003906; reverse_ESS 0.04148538038134575
Step 3400: ELBO -1.1153056621551514; Δ lnZ 0.08709430694580078; reverse_ESS 0.057262618094682693
Step 3500: ELBO -1.0865451097488403; Δ lnZ -0.08719825744628906; reverse_ESS 0.2019653022289276
Step 3600: ELBO -1.1080588102340698; Δ lnZ -0.014750957489013672; reverse_ESS 0.1546722650527954
Step 3700: ELBO -1.1286299228668213; Δ lnZ -0.05135917663574219; reverse_ESS 0.128960520029068
Step 3800: ELBO -1.0886038541793823; Δ lnZ -0.03203725814819336; reverse_ESS 0.18006472289562225
Step 3900: ELBO -1.0839482545852661; Δ lnZ 0.03877735137939453; reverse_ESS 0.07563585042953491
Step 4000: ELBO -1.1060855388641357; Δ lnZ -0.09800195693969727; reverse_ESS 0.15919284522533417
Step 4100: ELBO -1.1010407209396362; Δ lnZ -0.0951700210571289; reverse_ESS 0.15992920100688934
Step 4200: ELBO -1.0856136083602905; Δ lnZ -0.10486602783203125; reverse_ESS 0.1598837971687317
Step 4300: ELBO -1.0349514484405518; Δ lnZ 0.11054420471191406; reverse_ESS 0.07905526459217072
Step 4400: ELBO -1.1395695209503174; Δ lnZ -0.1483631134033203; reverse_ESS 0.18070411682128906
Step 4500: ELBO -1.02692711353302; Δ lnZ 0.014596939086914062; reverse_ESS 0.09134416282176971
Step 4600: ELBO -1.035989761352539; Δ lnZ -0.07045602798461914; reverse_ESS 0.19877082109451294
Step 4700: ELBO -1.0838454961776733; Δ lnZ -0.03908395767211914; reverse_ESS 0.17411617934703827
Step 4800: ELBO -1.0394580364227295; Δ lnZ 0.14541244506835938; reverse_ESS 0.02903989888727665
Step 4900: ELBO -1.0669941902160645; Δ lnZ -0.1478595733642578; reverse_ESS 0.1823316067457199
Step 5000: ELBO -0.9804402589797974; Δ lnZ -0.022418498992919922; reverse_ESS 0.16759660840034485
Step 5100: ELBO -1.0627998113632202; Δ lnZ -0.07247114181518555; reverse_ESS 0.22389326989650726
Step 5200: ELBO -1.0658072233200073; Δ lnZ -0.013888359069824219; reverse_ESS 0.14230957627296448
Step 5300: ELBO -1.0912059545516968; Δ lnZ -0.07946586608886719; reverse_ESS 0.13642556965351105
Step 5400: ELBO -1.0370968580245972; Δ lnZ -0.02469348907470703; reverse_ESS 0.11852607876062393
Step 5500: ELBO -1.0686436891555786; Δ lnZ -0.07437753677368164; reverse_ESS 0.2011602520942688
Step 5600: ELBO -0.9721044301986694; Δ lnZ 0.01132965087890625; reverse_ESS 0.1785370111465454
Step 5700: ELBO -1.0269031524658203; Δ lnZ -0.046784400939941406; reverse_ESS 0.08792662620544434
Step 5800: ELBO -1.0290794372558594; Δ lnZ 0.08420372009277344; reverse_ESS 0.05138746276497841
Step 5900: ELBO -0.9993388652801514; Δ lnZ 0.05667304992675781; reverse_ESS 0.08267030864953995
Step 6000: ELBO -1.0659199953079224; Δ lnZ -0.07616710662841797; reverse_ESS 0.11020366847515106
Step 6100: ELBO -1.0090916156768799; Δ lnZ -0.016275405883789062; reverse_ESS 0.16260729730129242
Step 6200: ELBO -1.022929072380066; Δ lnZ 0.46638965606689453; reverse_ESS 0.002626677043735981
Step 6300: ELBO -1.0090909004211426; Δ lnZ -0.04785633087158203; reverse_ESS 0.1263410449028015
Step 6400: ELBO -0.9789804816246033; Δ lnZ -0.07293891906738281; reverse_ESS 0.1594201773405075
Step 6500: ELBO -0.9918151497840881; Δ lnZ 0.028382301330566406; reverse_ESS 0.09073714911937714
Step 6600: ELBO -0.9570400714874268; Δ lnZ -0.010288715362548828; reverse_ESS 0.17034544050693512
Step 6700: ELBO -1.0018588304519653; Δ lnZ -0.04982566833496094; reverse_ESS 0.1482083648443222
Step 6800: ELBO -1.0047392845153809; Δ lnZ -0.10103225708007812; reverse_ESS 0.22226816415786743
Step 6900: ELBO -0.9604014158248901; Δ lnZ -0.08139801025390625; reverse_ESS 0.21674978733062744
Step 7000: ELBO -0.9103403687477112; Δ lnZ 0.5716543197631836; reverse_ESS 0.003142070025205612
Step 7100: ELBO -1.006496787071228; Δ lnZ -0.05289745330810547; reverse_ESS 0.13286134600639343
Step 7200: ELBO -0.9550181031227112; Δ lnZ 0.04960489273071289; reverse_ESS 0.11256597936153412
Step 7300: ELBO -0.9591050148010254; Δ lnZ -0.058222293853759766; reverse_ESS 0.20436745882034302
Step 7400: ELBO -0.9213888645172119; Δ lnZ -0.042615413665771484; reverse_ESS 0.2013205587863922
Step 7500: ELBO -0.9755092263221741; Δ lnZ -0.06055450439453125; reverse_ESS 0.20420368015766144
Step 7600: ELBO -0.994456946849823; Δ lnZ -0.004976749420166016; reverse_ESS 0.10421427339315414
Step 7700: ELBO -0.8824533224105835; Δ lnZ -0.025334835052490234; reverse_ESS 0.22355812788009644
Step 7800: ELBO -0.9376106262207031; Δ lnZ 0.02471780776977539; reverse_ESS 0.11085929721593857
Step 7900: ELBO -0.9753998517990112; Δ lnZ -0.04469585418701172; reverse_ESS 0.1444491744041443
Step 8000: ELBO -0.9035027027130127; Δ lnZ -0.03667259216308594; reverse_ESS 0.20041267573833466
Step 8100: ELBO -0.9145781397819519; Δ lnZ -0.05217695236206055; reverse_ESS 0.1423514038324356
Step 8200: ELBO -0.9113090634346008; Δ lnZ 0.0028815269470214844; reverse_ESS 0.16712045669555664
Step 8300: ELBO -0.9673147201538086; Δ lnZ -0.0862579345703125; reverse_ESS 0.15048138797283173
Step 8400: ELBO -0.9924535155296326; Δ lnZ -0.05145740509033203; reverse_ESS 0.15082426369190216
Step 8500: ELBO -0.886511504650116; Δ lnZ 0.08513927459716797; reverse_ESS 0.07913083583116531
Step 8600: ELBO -0.9222366213798523; Δ lnZ -0.06168651580810547; reverse_ESS 0.163526251912117
Step 8700: ELBO -0.9442442655563354; Δ lnZ -0.03903388977050781; reverse_ESS 0.1718592792749405
Step 8800: ELBO -0.8904074430465698; Δ lnZ 0.011284351348876953; reverse_ESS 0.16003206372261047
Step 8900: ELBO -0.9010283946990967; Δ lnZ 0.015415191650390625; reverse_ESS 0.13774022459983826
Step 9000: ELBO -0.9116920232772827; Δ lnZ -0.008630752563476562; reverse_ESS 0.1473262459039688
Step 9100: ELBO -0.9058244824409485; Δ lnZ 0.02762126922607422; reverse_ESS 0.14345087110996246
Step 9200: ELBO -0.897033154964447; Δ lnZ -0.013285636901855469; reverse_ESS 0.21938148140907288
Step 9300: ELBO -0.9184028506278992; Δ lnZ 0.019802093505859375; reverse_ESS 0.17203599214553833
Step 9400: ELBO -0.9532073140144348; Δ lnZ -0.1068720817565918; reverse_ESS 0.24919791519641876
Step 9500: ELBO -0.9747510552406311; Δ lnZ -0.10898923873901367; reverse_ESS 0.20338208973407745
Step 9600: ELBO -0.853269636631012; Δ lnZ -0.0360569953918457; reverse_ESS 0.247616246342659
Step 9700: ELBO -0.9218253493309021; Δ lnZ -0.06121969223022461; reverse_ESS 0.15559643507003784
Step 9800: ELBO -0.9276824593544006; Δ lnZ -0.10741329193115234; reverse_ESS 0.23563678562641144
Step 9900: ELBO -0.9002231359481812; Δ lnZ -0.010869979858398438; reverse_ESS 0.10605728626251221
Step 9999: ELBO -0.8929968476295471; Δ lnZ -0.010510444641113281; reverse_ESS 0.12909217178821564
[2024-08-05 22:18:23,927][HYDRA] 	#7 : use_wandb=False algorithm=gbs seed=3 target=gaussian_mixture10 target.dim=100
